<?xml version="1.0" encoding="UTF-8"?>
<!-- Generated by org.testng.reporters.JUnitXMLReporter -->
<testsuite ignored="0" hostname="DESKTOP-0QRM3M5" failures="0" tests="4" name="Default test" time="6.487" errors="0" timestamp="2022-03-01T20:44:23 ICT">
  <testcase classname="apiTestRunner.TestAPI" name="basicSearch" time="3.155"/>
  <testcase classname="apiTestRunner.TestAPI" name="searchWithSetPageResult" time="0.753"/>
  <testcase classname="apiTestRunner.TestAPI" name="searchWithPriceFilter" time="0.539"/>
  <testcase classname="apiTestRunner.TestAPI" name="searchAndSortResults" time="0.676"/>
</testsuite> <!-- Default test -->
